<?xml version="1.0" encoding="UTF-8"?>
<testng-results skipped="0" failed="0" ignored="0" total="1" passed="1">
  <reporter-output>
  </reporter-output>
  <suite name="Default suite" duration-ms="10856" started-at="2023-11-18T11:05:33Z" finished-at="2023-11-18T11:05:44Z">
    <groups>
    </groups>
    <test name="Default test" duration-ms="10856" started-at="2023-11-18T11:05:33Z" finished-at="2023-11-18T11:05:44Z">
      <class name="UtilTestPack.BaseTest">
        <test-method status="PASS" signature="setup()[pri:0, instance:UtilTestPack.BaseTest@6eebc39e]" name="setup" duration-ms="10834" started-at="2023-11-18T16:35:33Z" finished-at="2023-11-18T16:35:44Z">
          <reporter-output>
          </reporter-output>
        </test-method> <!-- setup -->
      </class> <!-- UtilTestPack.BaseTest -->
    </test> <!-- Default test -->
  </suite> <!-- Default suite -->
</testng-results>
